{"C:\\Users\\user\\OneDrive\\FS\\Resume\\Work application\\MoneyMatch\\mm-react-todolist\\src\\App.js": {"path":"C:\\Users\\user\\OneDrive\\FS\\Resume\\Work application\\MoneyMatch\\mm-react-todolist\\src\\App.js","statementMap":{"0":{"start":{"line":5,"column":2},"end":{"line":13,"column":4}}},"fnMap":{"0":{"name":"App","decl":{"start":{"line":4,"column":9},"end":{"line":4,"column":12}},"loc":{"start":{"line":4,"column":15},"end":{"line":14,"column":1}},"line":4}},"branchMap":{},"s":{"0":0},"f":{"0":0},"b":{}}
,"C:\\Users\\user\\OneDrive\\FS\\Resume\\Work application\\MoneyMatch\\mm-react-todolist\\src\\index.js": {"path":"C:\\Users\\user\\OneDrive\\FS\\Resume\\Work application\\MoneyMatch\\mm-react-todolist\\src\\index.js","statementMap":{"0":{"start":{"line":7,"column":13},"end":{"line":7,"column":65}},"1":{"start":{"line":8,"column":0},"end":{"line":12,"column":2}},"2":{"start":{"line":17,"column":0},"end":{"line":17,"column":18}}},"fnMap":{},"branchMap":{},"s":{"0":0,"1":0,"2":0},"f":{},"b":{}}
,"C:\\Users\\user\\OneDrive\\FS\\Resume\\Work application\\MoneyMatch\\mm-react-todolist\\src\\reportWebVitals.js": {"path":"C:\\Users\\user\\OneDrive\\FS\\Resume\\Work application\\MoneyMatch\\mm-react-todolist\\src\\reportWebVitals.js","statementMap":{"0":{"start":{"line":1,"column":24},"end":{"line":11,"column":1}},"1":{"start":{"line":2,"column":2},"end":{"line":10,"column":3}},"2":{"start":{"line":3,"column":4},"end":{"line":9,"column":7}},"3":{"start":{"line":4,"column":6},"end":{"line":4,"column":26}},"4":{"start":{"line":5,"column":6},"end":{"line":5,"column":26}},"5":{"start":{"line":6,"column":6},"end":{"line":6,"column":26}},"6":{"start":{"line":7,"column":6},"end":{"line":7,"column":26}},"7":{"start":{"line":8,"column":6},"end":{"line":8,"column":27}}},"fnMap":{"0":{"name":"(anonymous_0)","decl":{"start":{"line":1,"column":24},"end":{"line":1,"column":25}},"loc":{"start":{"line":1,"column":39},"end":{"line":11,"column":1}},"line":1},"1":{"name":"(anonymous_1)","decl":{"start":{"line":3,"column":30},"end":{"line":3,"column":31}},"loc":{"start":{"line":3,"column":79},"end":{"line":9,"column":5}},"line":3}},"branchMap":{"0":{"loc":{"start":{"line":2,"column":2},"end":{"line":10,"column":3}},"type":"if","locations":[{"start":{"line":2,"column":2},"end":{"line":10,"column":3}},{"start":{},"end":{}}],"line":2},"1":{"loc":{"start":{"line":2,"column":6},"end":{"line":2,"column":52}},"type":"binary-expr","locations":[{"start":{"line":2,"column":6},"end":{"line":2,"column":17}},{"start":{"line":2,"column":21},"end":{"line":2,"column":52}}],"line":2}},"s":{"0":0,"1":0,"2":0,"3":0,"4":0,"5":0,"6":0,"7":0},"f":{"0":0,"1":0},"b":{"0":[0,0],"1":[0,0]}}
,"C:\\Users\\user\\OneDrive\\FS\\Resume\\Work application\\MoneyMatch\\mm-react-todolist\\src\\components\\AddTodoListForm\\AddTodoListForm.jsx": {"path":"C:\\Users\\user\\OneDrive\\FS\\Resume\\Work application\\MoneyMatch\\mm-react-todolist\\src\\components\\AddTodoListForm\\AddTodoListForm.jsx","statementMap":{"0":{"start":{"line":5,"column":40},"end":{"line":5,"column":52}},"1":{"start":{"line":6,"column":21},"end":{"line":6,"column":33}},"2":{"start":{"line":8,"column":4},"end":{"line":13,"column":24}},"3":{"start":{"line":10,"column":8},"end":{"line":12,"column":9}},"4":{"start":{"line":11,"column":12},"end":{"line":11,"column":37}},"5":{"start":{"line":15,"column":4},"end":{"line":17,"column":5}},"6":{"start":{"line":16,"column":8},"end":{"line":16,"column":20}},"7":{"start":{"line":19,"column":29},"end":{"line":21,"column":5}},"8":{"start":{"line":20,"column":8},"end":{"line":20,"column":42}},"9":{"start":{"line":23,"column":24},"end":{"line":27,"column":5}},"10":{"start":{"line":24,"column":8},"end":{"line":24,"column":30}},"11":{"start":{"line":25,"column":8},"end":{"line":25,"column":26}},"12":{"start":{"line":26,"column":8},"end":{"line":26,"column":36}},"13":{"start":{"line":29,"column":24},"end":{"line":32,"column":5}},"14":{"start":{"line":30,"column":8},"end":{"line":30,"column":26}},"15":{"start":{"line":31,"column":8},"end":{"line":31,"column":36}},"16":{"start":{"line":34,"column":26},"end":{"line":38,"column":5}},"17":{"start":{"line":35,"column":8},"end":{"line":37,"column":9}},"18":{"start":{"line":36,"column":12},"end":{"line":36,"column":26}},"19":{"start":{"line":40,"column":4},"end":{"line":58,"column":6}}},"fnMap":{"0":{"name":"AddTodoListForm","decl":{"start":{"line":3,"column":9},"end":{"line":3,"column":24}},"loc":{"start":{"line":3,"column":77},"end":{"line":59,"column":1}},"line":3},"1":{"name":"(anonymous_1)","decl":{"start":{"line":8,"column":14},"end":{"line":8,"column":15}},"loc":{"start":{"line":8,"column":20},"end":{"line":13,"column":5}},"line":8},"2":{"name":"(anonymous_2)","decl":{"start":{"line":19,"column":29},"end":{"line":19,"column":30}},"loc":{"start":{"line":19,"column":40},"end":{"line":21,"column":5}},"line":19},"3":{"name":"(anonymous_3)","decl":{"start":{"line":23,"column":24},"end":{"line":23,"column":25}},"loc":{"start":{"line":23,"column":30},"end":{"line":27,"column":5}},"line":23},"4":{"name":"(anonymous_4)","decl":{"start":{"line":29,"column":24},"end":{"line":29,"column":25}},"loc":{"start":{"line":29,"column":30},"end":{"line":32,"column":5}},"line":29},"5":{"name":"(anonymous_5)","decl":{"start":{"line":34,"column":26},"end":{"line":34,"column":27}},"loc":{"start":{"line":34,"column":37},"end":{"line":38,"column":5}},"line":34}},"branchMap":{"0":{"loc":{"start":{"line":10,"column":8},"end":{"line":12,"column":9}},"type":"if","locations":[{"start":{"line":10,"column":8},"end":{"line":12,"column":9}},{"start":{},"end":{}}],"line":10},"1":{"loc":{"start":{"line":15,"column":4},"end":{"line":17,"column":5}},"type":"if","locations":[{"start":{"line":15,"column":4},"end":{"line":17,"column":5}},{"start":{},"end":{}}],"line":15},"2":{"loc":{"start":{"line":35,"column":8},"end":{"line":37,"column":9}},"type":"if","locations":[{"start":{"line":35,"column":8},"end":{"line":37,"column":9}},{"start":{},"end":{}}],"line":35}},"s":{"0":21,"1":21,"2":21,"3":12,"4":8,"5":21,"6":4,"7":17,"8":5,"9":17,"10":3,"11":3,"12":3,"13":17,"14":1,"15":1,"16":17,"17":1,"18":1,"19":17},"f":{"0":21,"1":12,"2":5,"3":3,"4":1,"5":1},"b":{"0":[8,4],"1":[4,17],"2":[1,0]},"_coverageSchema":"1a1c01bbd47fc00a2c39e90264f33305004495a9","hash":"3df42f3475d1651e056dfc657a15fb80d2b62784"}
,"C:\\Users\\user\\OneDrive\\FS\\Resume\\Work application\\MoneyMatch\\mm-react-todolist\\src\\components\\EllipsisDropdown\\EllipsisDropdown.jsx": {"path":"C:\\Users\\user\\OneDrive\\FS\\Resume\\Work application\\MoneyMatch\\mm-react-todolist\\src\\components\\EllipsisDropdown\\EllipsisDropdown.jsx","statementMap":{"0":{"start":{"line":9,"column":32},"end":{"line":9,"column":47}},"1":{"start":{"line":10,"column":24},"end":{"line":10,"column":36}},"2":{"start":{"line":12,"column":25},"end":{"line":25,"column":5}},"3":{"start":{"line":27,"column":24},"end":{"line":33,"column":5}},"4":{"start":{"line":28,"column":27},"end":{"line":28,"column":47}},"5":{"start":{"line":29,"column":8},"end":{"line":31,"column":9}},"6":{"start":{"line":30,"column":12},"end":{"line":30,"column":21}},"7":{"start":{"line":32,"column":8},"end":{"line":32,"column":25}},"8":{"start":{"line":36,"column":31},"end":{"line":40,"column":5}},"9":{"start":{"line":37,"column":8},"end":{"line":39,"column":9}},"10":{"start":{"line":38,"column":12},"end":{"line":38,"column":29}},"11":{"start":{"line":43,"column":4},"end":{"line":48,"column":11}},"12":{"start":{"line":44,"column":8},"end":{"line":44,"column":63}},"13":{"start":{"line":45,"column":8},"end":{"line":47,"column":10}},"14":{"start":{"line":46,"column":12},"end":{"line":46,"column":70}},"15":{"start":{"line":50,"column":24},"end":{"line":60,"column":5}},"16":{"start":{"line":51,"column":8},"end":{"line":59,"column":11}},"17":{"start":{"line":52,"column":29},"end":{"line":52,"column":49}},"18":{"start":{"line":53,"column":12},"end":{"line":58,"column":14}},"19":{"start":{"line":54,"column":76},"end":{"line":54,"column":95}},"20":{"start":{"line":62,"column":4},"end":{"line":74,"column":6}},"21":{"start":{"line":66,"column":31},"end":{"line":66,"column":49}}},"fnMap":{"0":{"name":"EllipsisDropdown","decl":{"start":{"line":7,"column":9},"end":{"line":7,"column":25}},"loc":{"start":{"line":7,"column":83},"end":{"line":75,"column":1}},"line":7},"1":{"name":"(anonymous_1)","decl":{"start":{"line":27,"column":24},"end":{"line":27,"column":25}},"loc":{"start":{"line":27,"column":36},"end":{"line":33,"column":5}},"line":27},"2":{"name":"(anonymous_2)","decl":{"start":{"line":36,"column":31},"end":{"line":36,"column":32}},"loc":{"start":{"line":36,"column":42},"end":{"line":40,"column":5}},"line":36},"3":{"name":"(anonymous_3)","decl":{"start":{"line":43,"column":14},"end":{"line":43,"column":15}},"loc":{"start":{"line":43,"column":20},"end":{"line":48,"column":5}},"line":43},"4":{"name":"(anonymous_4)","decl":{"start":{"line":45,"column":15},"end":{"line":45,"column":16}},"loc":{"start":{"line":45,"column":21},"end":{"line":47,"column":9}},"line":45},"5":{"name":"(anonymous_5)","decl":{"start":{"line":50,"column":24},"end":{"line":50,"column":25}},"loc":{"start":{"line":50,"column":30},"end":{"line":60,"column":5}},"line":50},"6":{"name":"(anonymous_6)","decl":{"start":{"line":51,"column":28},"end":{"line":51,"column":29}},"loc":{"start":{"line":51,"column":47},"end":{"line":59,"column":9}},"line":51},"7":{"name":"(anonymous_7)","decl":{"start":{"line":54,"column":70},"end":{"line":54,"column":71}},"loc":{"start":{"line":54,"column":76},"end":{"line":54,"column":95}},"line":54},"8":{"name":"(anonymous_8)","decl":{"start":{"line":66,"column":25},"end":{"line":66,"column":26}},"loc":{"start":{"line":66,"column":31},"end":{"line":66,"column":49}},"line":66}},"branchMap":{"0":{"loc":{"start":{"line":29,"column":8},"end":{"line":31,"column":9}},"type":"if","locations":[{"start":{"line":29,"column":8},"end":{"line":31,"column":9}},{"start":{},"end":{}}],"line":29},"1":{"loc":{"start":{"line":37,"column":8},"end":{"line":39,"column":9}},"type":"if","locations":[{"start":{"line":37,"column":8},"end":{"line":39,"column":9}},{"start":{},"end":{}}],"line":37},"2":{"loc":{"start":{"line":37,"column":12},"end":{"line":37,"column":78}},"type":"binary-expr","locations":[{"start":{"line":37,"column":12},"end":{"line":37,"column":31}},{"start":{"line":37,"column":35},"end":{"line":37,"column":78}}],"line":37},"3":{"loc":{"start":{"line":68,"column":13},"end":{"line":72,"column":13}},"type":"binary-expr","locations":[{"start":{"line":68,"column":13},"end":{"line":68,"column":19}},{"start":{"line":69,"column":16},"end":{"line":71,"column":22}}],"line":68}},"s":{"0":26,"1":26,"2":26,"3":26,"4":0,"5":0,"6":0,"7":0,"8":26,"9":9,"10":4,"11":26,"12":19,"13":19,"14":19,"15":26,"16":5,"17":12,"18":12,"19":0,"20":26,"21":5},"f":{"0":26,"1":0,"2":9,"3":19,"4":19,"5":5,"6":12,"7":0,"8":5},"b":{"0":[0,0],"1":[4,5],"2":[9,9],"3":[26,5]},"_coverageSchema":"1a1c01bbd47fc00a2c39e90264f33305004495a9","hash":"7e327dace8b5538f59634c0360eb4306df64bc26"}
,"C:\\Users\\user\\OneDrive\\FS\\Resume\\Work application\\MoneyMatch\\mm-react-todolist\\src\\components\\TodoListContainer\\TodoListContainer.jsx": {"path":"C:\\Users\\user\\OneDrive\\FS\\Resume\\Work application\\MoneyMatch\\mm-react-todolist\\src\\components\\TodoListContainer\\TodoListContainer.jsx","statementMap":{"0":{"start":{"line":8,"column":46},"end":{"line":8,"column":61}},"1":{"start":{"line":9,"column":30},"end":{"line":9,"column":42}},"2":{"start":{"line":21,"column":4},"end":{"line":25,"column":11}},"3":{"start":{"line":22,"column":8},"end":{"line":24,"column":11}},"4":{"start":{"line":23,"column":12},"end":{"line":23,"column":36}},"5":{"start":{"line":28,"column":22},"end":{"line":36,"column":5}},"6":{"start":{"line":29,"column":8},"end":{"line":35,"column":9}},"7":{"start":{"line":30,"column":28},"end":{"line":30,"column":58}},"8":{"start":{"line":31,"column":12},"end":{"line":31,"column":42}},"9":{"start":{"line":34,"column":12},"end":{"line":34,"column":54}},"10":{"start":{"line":38,"column":25},"end":{"line":46,"column":5}},"11":{"start":{"line":39,"column":8},"end":{"line":45,"column":9}},"12":{"start":{"line":40,"column":12},"end":{"line":40,"column":37}},"13":{"start":{"line":41,"column":36},"end":{"line":41,"column":57}},"14":{"start":{"line":42,"column":12},"end":{"line":42,"column":38}},"15":{"start":{"line":44,"column":12},"end":{"line":44,"column":56}},"16":{"start":{"line":49,"column":28},"end":{"line":60,"column":5}},"17":{"start":{"line":50,"column":8},"end":{"line":59,"column":9}},"18":{"start":{"line":51,"column":12},"end":{"line":53,"column":13}},"19":{"start":{"line":52,"column":16},"end":{"line":52,"column":47}},"20":{"start":{"line":54,"column":36},"end":{"line":54,"column":57}},"21":{"start":{"line":55,"column":12},"end":{"line":55,"column":38}},"22":{"start":{"line":57,"column":12},"end":{"line":57,"column":66}},"23":{"start":{"line":58,"column":12},"end":{"line":58,"column":22}},"24":{"start":{"line":64,"column":23},"end":{"line":72,"column":5}},"25":{"start":{"line":65,"column":8},"end":{"line":71,"column":12}},"26":{"start":{"line":66,"column":12},"end":{"line":70,"column":13}},"27":{"start":{"line":67,"column":16},"end":{"line":67,"column":52}},"28":{"start":{"line":69,"column":16},"end":{"line":69,"column":28}},"29":{"start":{"line":75,"column":23},"end":{"line":92,"column":5}},"30":{"start":{"line":77,"column":8},"end":{"line":91,"column":9}},"31":{"start":{"line":78,"column":12},"end":{"line":78,"column":51}},"32":{"start":{"line":81,"column":12},"end":{"line":87,"column":16}},"33":{"start":{"line":82,"column":16},"end":{"line":86,"column":17}},"34":{"start":{"line":83,"column":20},"end":{"line":83,"column":73}},"35":{"start":{"line":85,"column":20},"end":{"line":85,"column":32}},"36":{"start":{"line":90,"column":12},"end":{"line":90,"column":54}},"37":{"start":{"line":95,"column":25},"end":{"line":103,"column":5}},"38":{"start":{"line":96,"column":8},"end":{"line":102,"column":12}},"39":{"start":{"line":97,"column":12},"end":{"line":101,"column":13}},"40":{"start":{"line":98,"column":16},"end":{"line":98,"column":53}},"41":{"start":{"line":100,"column":16},"end":{"line":100,"column":28}},"42":{"start":{"line":105,"column":33},"end":{"line":107,"column":5}},"43":{"start":{"line":106,"column":8},"end":{"line":106,"column":41}},"44":{"start":{"line":109,"column":4},"end":{"line":131,"column":6}}},"fnMap":{"0":{"name":"TodoListContainer","decl":{"start":{"line":6,"column":9},"end":{"line":6,"column":26}},"loc":{"start":{"line":6,"column":29},"end":{"line":132,"column":1}},"line":6},"1":{"name":"(anonymous_1)","decl":{"start":{"line":21,"column":14},"end":{"line":21,"column":15}},"loc":{"start":{"line":21,"column":20},"end":{"line":25,"column":5}},"line":21},"2":{"name":"(anonymous_2)","decl":{"start":{"line":22,"column":29},"end":{"line":22,"column":30}},"loc":{"start":{"line":22,"column":48},"end":{"line":24,"column":9}},"line":22},"3":{"name":"(anonymous_3)","decl":{"start":{"line":28,"column":22},"end":{"line":28,"column":23}},"loc":{"start":{"line":28,"column":45},"end":{"line":36,"column":5}},"line":28},"4":{"name":"(anonymous_4)","decl":{"start":{"line":38,"column":25},"end":{"line":38,"column":26}},"loc":{"start":{"line":38,"column":39},"end":{"line":46,"column":5}},"line":38},"5":{"name":"(anonymous_5)","decl":{"start":{"line":49,"column":28},"end":{"line":49,"column":29}},"loc":{"start":{"line":49,"column":40},"end":{"line":60,"column":5}},"line":49},"6":{"name":"(anonymous_6)","decl":{"start":{"line":64,"column":23},"end":{"line":64,"column":24}},"loc":{"start":{"line":64,"column":31},"end":{"line":72,"column":5}},"line":64},"7":{"name":"(anonymous_7)","decl":{"start":{"line":65,"column":27},"end":{"line":65,"column":28}},"loc":{"start":{"line":65,"column":35},"end":{"line":71,"column":9}},"line":65},"8":{"name":"(anonymous_8)","decl":{"start":{"line":75,"column":23},"end":{"line":75,"column":24}},"loc":{"start":{"line":75,"column":46},"end":{"line":92,"column":5}},"line":75},"9":{"name":"(anonymous_9)","decl":{"start":{"line":81,"column":31},"end":{"line":81,"column":32}},"loc":{"start":{"line":81,"column":39},"end":{"line":87,"column":13}},"line":81},"10":{"name":"(anonymous_10)","decl":{"start":{"line":95,"column":25},"end":{"line":95,"column":26}},"loc":{"start":{"line":95,"column":33},"end":{"line":103,"column":5}},"line":95},"11":{"name":"(anonymous_11)","decl":{"start":{"line":96,"column":27},"end":{"line":96,"column":28}},"loc":{"start":{"line":96,"column":35},"end":{"line":102,"column":9}},"line":96},"12":{"name":"(anonymous_12)","decl":{"start":{"line":105,"column":33},"end":{"line":105,"column":34}},"loc":{"start":{"line":105,"column":39},"end":{"line":107,"column":5}},"line":105}},"branchMap":{"0":{"loc":{"start":{"line":66,"column":12},"end":{"line":70,"column":13}},"type":"if","locations":[{"start":{"line":66,"column":12},"end":{"line":70,"column":13}},{"start":{"line":68,"column":19},"end":{"line":70,"column":13}}],"line":66},"1":{"loc":{"start":{"line":82,"column":16},"end":{"line":86,"column":17}},"type":"if","locations":[{"start":{"line":82,"column":16},"end":{"line":86,"column":17}},{"start":{"line":84,"column":23},"end":{"line":86,"column":17}}],"line":82},"2":{"loc":{"start":{"line":97,"column":12},"end":{"line":101,"column":13}},"type":"if","locations":[{"start":{"line":97,"column":12},"end":{"line":101,"column":13}},{"start":{"line":99,"column":19},"end":{"line":101,"column":13}}],"line":97}},"s":{"0":3,"1":2,"2":2,"3":2,"4":2,"5":2,"6":0,"7":0,"8":0,"9":0,"10":2,"11":0,"12":0,"13":0,"14":0,"15":0,"16":2,"17":0,"18":0,"19":0,"20":0,"21":0,"22":0,"23":0,"24":2,"25":0,"26":0,"27":0,"28":0,"29":2,"30":0,"31":0,"32":0,"33":0,"34":0,"35":0,"36":0,"37":2,"38":0,"39":0,"40":0,"41":0,"42":2,"43":0,"44":2},"f":{"0":3,"1":2,"2":2,"3":0,"4":0,"5":0,"6":0,"7":0,"8":0,"9":0,"10":0,"11":0,"12":0},"b":{"0":[0,0],"1":[0,0],"2":[0,0]},"_coverageSchema":"1a1c01bbd47fc00a2c39e90264f33305004495a9","hash":"a30adb4943880ecae1999cd3f2639e9234c22d03"}
,"C:\\Users\\user\\OneDrive\\FS\\Resume\\Work application\\MoneyMatch\\mm-react-todolist\\src\\components\\TodoListContent\\TodoListContent.jsx": {"path":"C:\\Users\\user\\OneDrive\\FS\\Resume\\Work application\\MoneyMatch\\mm-react-todolist\\src\\components\\TodoListContent\\TodoListContent.jsx","statementMap":{"0":{"start":{"line":6,"column":4},"end":{"line":27,"column":6}},"1":{"start":{"line":9,"column":16},"end":{"line":16,"column":18}},"2":{"start":{"line":15,"column":40},"end":{"line":15,"column":62}}},"fnMap":{"0":{"name":"TodoListContent","decl":{"start":{"line":4,"column":9},"end":{"line":4,"column":24}},"loc":{"start":{"line":4,"column":136},"end":{"line":28,"column":1}},"line":4},"1":{"name":"(anonymous_1)","decl":{"start":{"line":8,"column":23},"end":{"line":8,"column":24}},"loc":{"start":{"line":9,"column":16},"end":{"line":16,"column":18}},"line":9},"2":{"name":"(anonymous_2)","decl":{"start":{"line":15,"column":34},"end":{"line":15,"column":35}},"loc":{"start":{"line":15,"column":40},"end":{"line":15,"column":62}},"line":15}},"branchMap":{},"s":{"0":5,"1":6,"2":0},"f":{"0":5,"1":6,"2":0},"b":{},"_coverageSchema":"1a1c01bbd47fc00a2c39e90264f33305004495a9","hash":"2dfd41d76a68ffec6f07c64b074caa35ee407169"}
,"C:\\Users\\user\\OneDrive\\FS\\Resume\\Work application\\MoneyMatch\\mm-react-todolist\\src\\components\\TodoListHeader\\TodoListHeader.jsx": {"path":"C:\\Users\\user\\OneDrive\\FS\\Resume\\Work application\\MoneyMatch\\mm-react-todolist\\src\\components\\TodoListHeader\\TodoListHeader.jsx","statementMap":{"0":{"start":{"line":6,"column":4},"end":{"line":18,"column":6}}},"fnMap":{"0":{"name":"TodoListHeader","decl":{"start":{"line":4,"column":9},"end":{"line":4,"column":23}},"loc":{"start":{"line":4,"column":67},"end":{"line":19,"column":1}},"line":4}},"branchMap":{},"s":{"0":5},"f":{"0":5},"b":{},"_coverageSchema":"1a1c01bbd47fc00a2c39e90264f33305004495a9","hash":"5580438f6828fe3946b79ef7b78c14a133d85aee"}
,"C:\\Users\\user\\OneDrive\\FS\\Resume\\Work application\\MoneyMatch\\mm-react-todolist\\src\\components\\TodoListItem\\TodoListItem.jsx": {"path":"C:\\Users\\user\\OneDrive\\FS\\Resume\\Work application\\MoneyMatch\\mm-react-todolist\\src\\components\\TodoListItem\\TodoListItem.jsx","statementMap":{"0":{"start":{"line":9,"column":28},"end":{"line":9,"column":48}},"1":{"start":{"line":11,"column":42},"end":{"line":11,"column":62}},"2":{"start":{"line":12,"column":21},"end":{"line":12,"column":33}},"3":{"start":{"line":14,"column":4},"end":{"line":19,"column":25}},"4":{"start":{"line":16,"column":8},"end":{"line":18,"column":9}},"5":{"start":{"line":17,"column":12},"end":{"line":17,"column":37}},"6":{"start":{"line":21,"column":25},"end":{"line":23,"column":5}},"7":{"start":{"line":22,"column":8},"end":{"line":22,"column":36}},"8":{"start":{"line":25,"column":32},"end":{"line":28,"column":5}},"9":{"start":{"line":26,"column":8},"end":{"line":26,"column":35}},"10":{"start":{"line":27,"column":8},"end":{"line":27,"column":29}},"11":{"start":{"line":30,"column":29},"end":{"line":35,"column":5}},"12":{"start":{"line":32,"column":8},"end":{"line":32,"column":29}},"13":{"start":{"line":34,"column":8},"end":{"line":34,"column":30}},"14":{"start":{"line":38,"column":4},"end":{"line":78,"column":6}},"15":{"start":{"line":71,"column":42},"end":{"line":71,"column":62}},"16":{"start":{"line":72,"column":44},"end":{"line":72,"column":66}}},"fnMap":{"0":{"name":"TodoListItem","decl":{"start":{"line":7,"column":9},"end":{"line":7,"column":21}},"loc":{"start":{"line":7,"column":84},"end":{"line":79,"column":1}},"line":7},"1":{"name":"(anonymous_1)","decl":{"start":{"line":14,"column":14},"end":{"line":14,"column":15}},"loc":{"start":{"line":14,"column":20},"end":{"line":19,"column":5}},"line":14},"2":{"name":"(anonymous_2)","decl":{"start":{"line":21,"column":25},"end":{"line":21,"column":26}},"loc":{"start":{"line":21,"column":36},"end":{"line":23,"column":5}},"line":21},"3":{"name":"(anonymous_3)","decl":{"start":{"line":25,"column":32},"end":{"line":25,"column":33}},"loc":{"start":{"line":25,"column":38},"end":{"line":28,"column":5}},"line":25},"4":{"name":"(anonymous_4)","decl":{"start":{"line":30,"column":29},"end":{"line":30,"column":30}},"loc":{"start":{"line":30,"column":35},"end":{"line":35,"column":5}},"line":30},"5":{"name":"(anonymous_5)","decl":{"start":{"line":71,"column":36},"end":{"line":71,"column":37}},"loc":{"start":{"line":71,"column":42},"end":{"line":71,"column":62}},"line":71},"6":{"name":"(anonymous_6)","decl":{"start":{"line":72,"column":38},"end":{"line":72,"column":39}},"loc":{"start":{"line":72,"column":44},"end":{"line":72,"column":66}},"line":72}},"branchMap":{"0":{"loc":{"start":{"line":16,"column":8},"end":{"line":18,"column":9}},"type":"if","locations":[{"start":{"line":16,"column":8},"end":{"line":18,"column":9}},{"start":{},"end":{}}],"line":16},"1":{"loc":{"start":{"line":43,"column":25},"end":{"line":54,"column":25}},"type":"cond-expr","locations":[{"start":{"line":44,"column":28},"end":{"line":49,"column":30}},{"start":{"line":51,"column":28},"end":{"line":53,"column":35}}],"line":43},"2":{"loc":{"start":{"line":56,"column":21},"end":{"line":65,"column":21}},"type":"binary-expr","locations":[{"start":{"line":56,"column":21},"end":{"line":56,"column":35}},{"start":{"line":57,"column":24},"end":{"line":64,"column":30}}],"line":56}},"s":{"0":11,"1":11,"2":11,"3":11,"4":10,"5":2,"6":11,"7":1,"8":11,"9":1,"10":1,"11":11,"12":1,"13":1,"14":11,"15":0,"16":0},"f":{"0":11,"1":10,"2":1,"3":1,"4":1,"5":0,"6":0},"b":{"0":[2,8],"1":[3,8],"2":[11,3]},"_coverageSchema":"1a1c01bbd47fc00a2c39e90264f33305004495a9","hash":"0541594b8e50906a0d6df94ec79bce3ea9bdf0a0"}
,"C:\\Users\\user\\OneDrive\\FS\\Resume\\Work application\\MoneyMatch\\mm-react-todolist\\src\\parts\\AddIcon\\AddIcon.jsx": {"path":"C:\\Users\\user\\OneDrive\\FS\\Resume\\Work application\\MoneyMatch\\mm-react-todolist\\src\\parts\\AddIcon\\AddIcon.jsx","statementMap":{"0":{"start":{"line":4,"column":4},"end":{"line":6,"column":6}}},"fnMap":{"0":{"name":"AddIcon","decl":{"start":{"line":3,"column":24},"end":{"line":3,"column":31}},"loc":{"start":{"line":3,"column":34},"end":{"line":7,"column":1}},"line":3}},"branchMap":{},"s":{"0":6},"f":{"0":6},"b":{},"_coverageSchema":"1a1c01bbd47fc00a2c39e90264f33305004495a9","hash":"7d4d876284b2da2279ae331c2ce7c1ad8edcc8f0"}
,"C:\\Users\\user\\OneDrive\\FS\\Resume\\Work application\\MoneyMatch\\mm-react-todolist\\src\\parts\\Checkbox\\Checkbox.jsx": {"path":"C:\\Users\\user\\OneDrive\\FS\\Resume\\Work application\\MoneyMatch\\mm-react-todolist\\src\\parts\\Checkbox\\Checkbox.jsx","statementMap":{"0":{"start":{"line":6,"column":38},"end":{"line":6,"column":53}},"1":{"start":{"line":8,"column":27},"end":{"line":10,"column":5}},"2":{"start":{"line":9,"column":8},"end":{"line":9,"column":33}},"3":{"start":{"line":12,"column":4},"end":{"line":19,"column":6}}},"fnMap":{"0":{"name":"Checkbox","decl":{"start":{"line":5,"column":9},"end":{"line":5,"column":17}},"loc":{"start":{"line":5,"column":20},"end":{"line":20,"column":1}},"line":5},"1":{"name":"(anonymous_1)","decl":{"start":{"line":8,"column":27},"end":{"line":8,"column":28}},"loc":{"start":{"line":8,"column":33},"end":{"line":10,"column":5}},"line":8}},"branchMap":{"0":{"loc":{"start":{"line":15,"column":13},"end":{"line":17,"column":13}},"type":"binary-expr","locations":[{"start":{"line":15,"column":13},"end":{"line":15,"column":22}},{"start":{"line":16,"column":16},"end":{"line":16,"column":90}}],"line":15}},"s":{"0":15,"1":15,"2":2,"3":15},"f":{"0":15,"1":2},"b":{"0":[15,1]},"_coverageSchema":"1a1c01bbd47fc00a2c39e90264f33305004495a9","hash":"050d8702527648ba81d679d40c3d4aad8fa26a91"}
,"C:\\Users\\user\\OneDrive\\FS\\Resume\\Work application\\MoneyMatch\\mm-react-todolist\\src\\services\\UserService.js": {"path":"C:\\Users\\user\\OneDrive\\FS\\Resume\\Work application\\MoneyMatch\\mm-react-todolist\\src\\services\\UserService.js","statementMap":{"0":{"start":{"line":2,"column":17},"end":{"line":2,"column":63}},"1":{"start":{"line":6,"column":4},"end":{"line":27,"column":5}},"2":{"start":{"line":7,"column":25},"end":{"line":7,"column":63}},"3":{"start":{"line":8,"column":8},"end":{"line":15,"column":9}},"4":{"start":{"line":9,"column":12},"end":{"line":14,"column":13}},"5":{"start":{"line":10,"column":16},"end":{"line":10,"column":57}},"6":{"start":{"line":11,"column":16},"end":{"line":11,"column":26}},"7":{"start":{"line":13,"column":16},"end":{"line":13,"column":61}},"8":{"start":{"line":17,"column":21},"end":{"line":17,"column":42}},"9":{"start":{"line":19,"column":8},"end":{"line":22,"column":12}},"10":{"start":{"line":19,"column":39},"end":{"line":22,"column":9}},"11":{"start":{"line":25,"column":8},"end":{"line":25,"column":55}},"12":{"start":{"line":26,"column":8},"end":{"line":26,"column":18}},"13":{"start":{"line":32,"column":4},"end":{"line":48,"column":5}},"14":{"start":{"line":33,"column":25},"end":{"line":39,"column":10}},"15":{"start":{"line":40,"column":8},"end":{"line":42,"column":9}},"16":{"start":{"line":41,"column":12},"end":{"line":41,"column":55}},"17":{"start":{"line":43,"column":21},"end":{"line":43,"column":42}},"18":{"start":{"line":44,"column":8},"end":{"line":44,"column":25}},"19":{"start":{"line":46,"column":8},"end":{"line":46,"column":53}},"20":{"start":{"line":47,"column":8},"end":{"line":47,"column":18}},"21":{"start":{"line":53,"column":4},"end":{"line":65,"column":5}},"22":{"start":{"line":54,"column":25},"end":{"line":56,"column":10}},"23":{"start":{"line":57,"column":8},"end":{"line":59,"column":9}},"24":{"start":{"line":58,"column":12},"end":{"line":58,"column":58}},"25":{"start":{"line":60,"column":21},"end":{"line":60,"column":42}},"26":{"start":{"line":61,"column":8},"end":{"line":61,"column":25}},"27":{"start":{"line":63,"column":8},"end":{"line":63,"column":55}},"28":{"start":{"line":64,"column":8},"end":{"line":64,"column":18}},"29":{"start":{"line":70,"column":4},"end":{"line":86,"column":5}},"30":{"start":{"line":71,"column":25},"end":{"line":77,"column":10}},"31":{"start":{"line":78,"column":8},"end":{"line":80,"column":9}},"32":{"start":{"line":79,"column":12},"end":{"line":79,"column":64}},"33":{"start":{"line":81,"column":21},"end":{"line":81,"column":42}},"34":{"start":{"line":82,"column":8},"end":{"line":82,"column":25}},"35":{"start":{"line":84,"column":8},"end":{"line":84,"column":61}},"36":{"start":{"line":85,"column":8},"end":{"line":85,"column":18}}},"fnMap":{"0":{"name":"fetchTodoList","decl":{"start":{"line":5,"column":15},"end":{"line":5,"column":28}},"loc":{"start":{"line":5,"column":31},"end":{"line":28,"column":1}},"line":5},"1":{"name":"(anonymous_1)","decl":{"start":{"line":19,"column":30},"end":{"line":19,"column":31}},"loc":{"start":{"line":19,"column":39},"end":{"line":22,"column":9}},"line":19},"2":{"name":"addTodoItem","decl":{"start":{"line":31,"column":15},"end":{"line":31,"column":26}},"loc":{"start":{"line":31,"column":40},"end":{"line":49,"column":1}},"line":31},"3":{"name":"deleteTodoItem","decl":{"start":{"line":52,"column":15},"end":{"line":52,"column":29}},"loc":{"start":{"line":52,"column":38},"end":{"line":66,"column":1}},"line":52},"4":{"name":"updateTodoItemTitle","decl":{"start":{"line":69,"column":15},"end":{"line":69,"column":34}},"loc":{"start":{"line":69,"column":53},"end":{"line":87,"column":1}},"line":69}},"branchMap":{"0":{"loc":{"start":{"line":8,"column":8},"end":{"line":15,"column":9}},"type":"if","locations":[{"start":{"line":8,"column":8},"end":{"line":15,"column":9}},{"start":{},"end":{}}],"line":8},"1":{"loc":{"start":{"line":9,"column":12},"end":{"line":14,"column":13}},"type":"if","locations":[{"start":{"line":9,"column":12},"end":{"line":14,"column":13}},{"start":{"line":12,"column":19},"end":{"line":14,"column":13}}],"line":9},"2":{"loc":{"start":{"line":40,"column":8},"end":{"line":42,"column":9}},"type":"if","locations":[{"start":{"line":40,"column":8},"end":{"line":42,"column":9}},{"start":{},"end":{}}],"line":40},"3":{"loc":{"start":{"line":57,"column":8},"end":{"line":59,"column":9}},"type":"if","locations":[{"start":{"line":57,"column":8},"end":{"line":59,"column":9}},{"start":{},"end":{}}],"line":57},"4":{"loc":{"start":{"line":78,"column":8},"end":{"line":80,"column":9}},"type":"if","locations":[{"start":{"line":78,"column":8},"end":{"line":80,"column":9}},{"start":{},"end":{}}],"line":78}},"s":{"0":0,"1":0,"2":0,"3":0,"4":0,"5":0,"6":0,"7":0,"8":0,"9":0,"10":0,"11":0,"12":0,"13":0,"14":0,"15":0,"16":0,"17":0,"18":0,"19":0,"20":0,"21":0,"22":0,"23":0,"24":0,"25":0,"26":0,"27":0,"28":0,"29":0,"30":0,"31":0,"32":0,"33":0,"34":0,"35":0,"36":0},"f":{"0":0,"1":0,"2":0,"3":0,"4":0},"b":{"0":[0,0],"1":[0,0],"2":[0,0],"3":[0,0],"4":[0,0]}}
}
