TN:
SF:src\App.js
FN:4,App
FNF:1
FNH:0
FNDA:0,App
DA:5,0
LF:1
LH:0
BRF:0
BRH:0
end_of_record
TN:
SF:src\index.js
FNF:0
FNH:0
DA:7,0
DA:8,0
DA:17,0
LF:3
LH:0
BRF:0
BRH:0
end_of_record
TN:
SF:src\reportWebVitals.js
FN:1,(anonymous_0)
FN:3,(anonymous_1)
FNF:2
FNH:0
FNDA:0,(anonymous_0)
FNDA:0,(anonymous_1)
DA:1,0
DA:2,0
DA:3,0
DA:4,0
DA:5,0
DA:6,0
DA:7,0
DA:8,0
LF:8
LH:0
BRDA:2,0,0,0
BRDA:2,0,1,0
BRDA:2,1,0,0
BRDA:2,1,1,0
BRF:4
BRH:0
end_of_record
TN:
SF:src\components\AddTodoListForm\AddTodoListForm.jsx
FN:3,AddTodoListForm
FN:8,(anonymous_1)
FN:19,(anonymous_2)
FN:23,(anonymous_3)
FN:29,(anonymous_4)
FN:34,(anonymous_5)
FNF:6
FNH:6
FNDA:21,AddTodoListForm
FNDA:12,(anonymous_1)
FNDA:5,(anonymous_2)
FNDA:3,(anonymous_3)
FNDA:1,(anonymous_4)
FNDA:1,(anonymous_5)
DA:5,21
DA:6,21
DA:8,21
DA:10,12
DA:11,8
DA:15,21
DA:16,4
DA:19,17
DA:20,5
DA:23,17
DA:24,3
DA:25,3
DA:26,3
DA:29,17
DA:30,1
DA:31,1
DA:34,17
DA:35,1
DA:36,1
DA:40,17
LF:20
LH:20
BRDA:10,0,0,8
BRDA:10,0,1,4
BRDA:15,1,0,4
BRDA:15,1,1,17
BRDA:35,2,0,1
BRDA:35,2,1,0
BRF:6
BRH:5
end_of_record
TN:
SF:src\components\EllipsisDropdown\EllipsisDropdown.jsx
FN:7,EllipsisDropdown
FN:27,(anonymous_1)
FN:36,(anonymous_2)
FN:43,(anonymous_3)
FN:45,(anonymous_4)
FN:50,(anonymous_5)
FN:51,(anonymous_6)
FN:54,(anonymous_7)
FN:66,(anonymous_8)
FNF:9
FNH:7
FNDA:26,EllipsisDropdown
FNDA:0,(anonymous_1)
FNDA:9,(anonymous_2)
FNDA:19,(anonymous_3)
FNDA:19,(anonymous_4)
FNDA:5,(anonymous_5)
FNDA:12,(anonymous_6)
FNDA:0,(anonymous_7)
FNDA:5,(anonymous_8)
DA:9,26
DA:10,26
DA:12,26
DA:27,26
DA:28,0
DA:29,0
DA:30,0
DA:32,0
DA:36,26
DA:37,9
DA:38,4
DA:43,26
DA:44,19
DA:45,19
DA:46,19
DA:50,26
DA:51,5
DA:52,12
DA:53,12
DA:54,0
DA:62,26
DA:66,5
LF:22
LH:17
BRDA:29,0,0,0
BRDA:29,0,1,0
BRDA:37,1,0,4
BRDA:37,1,1,5
BRDA:37,2,0,9
BRDA:37,2,1,9
BRDA:68,3,0,26
BRDA:68,3,1,5
BRF:8
BRH:6
end_of_record
TN:
SF:src\components\TodoListContainer\TodoListContainer.jsx
FN:6,TodoListContainer
FN:21,(anonymous_1)
FN:22,(anonymous_2)
FN:28,(anonymous_3)
FN:38,(anonymous_4)
FN:49,(anonymous_5)
FN:64,(anonymous_6)
FN:65,(anonymous_7)
FN:75,(anonymous_8)
FN:81,(anonymous_9)
FN:95,(anonymous_10)
FN:96,(anonymous_11)
FN:105,(anonymous_12)
FNF:13
FNH:3
FNDA:3,TodoListContainer
FNDA:2,(anonymous_1)
FNDA:2,(anonymous_2)
FNDA:0,(anonymous_3)
FNDA:0,(anonymous_4)
FNDA:0,(anonymous_5)
FNDA:0,(anonymous_6)
FNDA:0,(anonymous_7)
FNDA:0,(anonymous_8)
FNDA:0,(anonymous_9)
FNDA:0,(anonymous_10)
FNDA:0,(anonymous_11)
FNDA:0,(anonymous_12)
DA:8,3
DA:9,2
DA:21,2
DA:22,2
DA:23,2
DA:28,2
DA:29,0
DA:30,0
DA:31,0
DA:34,0
DA:38,2
DA:39,0
DA:40,0
DA:41,0
DA:42,0
DA:44,0
DA:49,2
DA:50,0
DA:51,0
DA:52,0
DA:54,0
DA:55,0
DA:57,0
DA:58,0
DA:64,2
DA:65,0
DA:66,0
DA:67,0
DA:69,0
DA:75,2
DA:77,0
DA:78,0
DA:81,0
DA:82,0
DA:83,0
DA:85,0
DA:90,0
DA:95,2
DA:96,0
DA:97,0
DA:98,0
DA:100,0
DA:105,2
DA:106,0
DA:109,2
LF:45
LH:13
BRDA:66,0,0,0
BRDA:66,0,1,0
BRDA:82,1,0,0
BRDA:82,1,1,0
BRDA:97,2,0,0
BRDA:97,2,1,0
BRF:6
BRH:0
end_of_record
TN:
SF:src\components\TodoListContent\TodoListContent.jsx
FN:4,TodoListContent
FN:8,(anonymous_1)
FN:15,(anonymous_2)
FNF:3
FNH:2
FNDA:5,TodoListContent
FNDA:6,(anonymous_1)
FNDA:0,(anonymous_2)
DA:6,5
DA:9,6
DA:15,0
LF:3
LH:2
BRF:0
BRH:0
end_of_record
TN:
SF:src\components\TodoListHeader\TodoListHeader.jsx
FN:4,TodoListHeader
FNF:1
FNH:1
FNDA:5,TodoListHeader
DA:6,5
LF:1
LH:1
BRF:0
BRH:0
end_of_record
TN:
SF:src\components\TodoListItem\TodoListItem.jsx
FN:7,TodoListItem
FN:14,(anonymous_1)
FN:21,(anonymous_2)
FN:25,(anonymous_3)
FN:30,(anonymous_4)
FN:71,(anonymous_5)
FN:72,(anonymous_6)
FNF:7
FNH:5
FNDA:11,TodoListItem
FNDA:10,(anonymous_1)
FNDA:1,(anonymous_2)
FNDA:1,(anonymous_3)
FNDA:1,(anonymous_4)
FNDA:0,(anonymous_5)
FNDA:0,(anonymous_6)
DA:9,11
DA:11,11
DA:12,11
DA:14,11
DA:16,10
DA:17,2
DA:21,11
DA:22,1
DA:25,11
DA:26,1
DA:27,1
DA:30,11
DA:32,1
DA:34,1
DA:38,11
DA:71,0
DA:72,0
LF:17
LH:15
BRDA:16,0,0,2
BRDA:16,0,1,8
BRDA:43,1,0,3
BRDA:43,1,1,8
BRDA:56,2,0,11
BRDA:56,2,1,3
BRF:6
BRH:6
end_of_record
TN:
SF:src\parts\AddIcon\AddIcon.jsx
FN:3,AddIcon
FNF:1
FNH:1
FNDA:6,AddIcon
DA:4,6
LF:1
LH:1
BRF:0
BRH:0
end_of_record
TN:
SF:src\parts\Checkbox\Checkbox.jsx
FN:5,Checkbox
FN:8,(anonymous_1)
FNF:2
FNH:2
FNDA:15,Checkbox
FNDA:2,(anonymous_1)
DA:6,15
DA:8,15
DA:9,2
DA:12,15
LF:4
LH:4
BRDA:15,0,0,15
BRDA:15,0,1,1
BRF:2
BRH:2
end_of_record
TN:
SF:src\services\UserService.js
FN:5,fetchTodoList
FN:19,(anonymous_1)
FN:31,addTodoItem
FN:52,deleteTodoItem
FN:69,updateTodoItemTitle
FNF:5
FNH:0
FNDA:0,fetchTodoList
FNDA:0,(anonymous_1)
FNDA:0,addTodoItem
FNDA:0,deleteTodoItem
FNDA:0,updateTodoItemTitle
DA:2,0
DA:6,0
DA:7,0
DA:8,0
DA:9,0
DA:10,0
DA:11,0
DA:13,0
DA:17,0
DA:19,0
DA:25,0
DA:26,0
DA:32,0
DA:33,0
DA:40,0
DA:41,0
DA:43,0
DA:44,0
DA:46,0
DA:47,0
DA:53,0
DA:54,0
DA:57,0
DA:58,0
DA:60,0
DA:61,0
DA:63,0
DA:64,0
DA:70,0
DA:71,0
DA:78,0
DA:79,0
DA:81,0
DA:82,0
DA:84,0
DA:85,0
LF:36
LH:0
BRDA:8,0,0,0
BRDA:8,0,1,0
BRDA:9,1,0,0
BRDA:9,1,1,0
BRDA:40,2,0,0
BRDA:40,2,1,0
BRDA:57,3,0,0
BRDA:57,3,1,0
BRDA:78,4,0,0
BRDA:78,4,1,0
BRF:10
BRH:0
end_of_record
